<?xml version="1.0" encoding="UTF-8"?>
<!-- Generated by org.testng.reporters.JUnitReportReporter -->
<testsuite hostname="DESKTOP-RK1ATAI" failures="0" tests="1" name="tests.Tests" time="18.829" errors="0" timestamp="2021-12-28T14:52:31 BDT" skipped="0">
  <testcase classname="tests.Tests" name="tests" time="18.829"/>
  <system-out/>
</testsuite> <!-- tests.Tests -->
